mode: set
github.com\taodev\koalanet\actor.go:14.42,16.2 1 1
github.com\taodev\koalanet\actor.go:18.37,20.2 1 1
github.com\taodev\koalanet\actor.go:22.36,24.2 1 0
github.com\taodev\koalanet\actor.go:26.51,29.2 2 0
github.com\taodev\koalanet\actor.go:31.87,33.2 1 0
github.com\taodev\koalanet\actor.go:45.47,47.8 2 1
github.com\taodev\koalanet\actor.go:51.2,51.34 1 1
github.com\taodev\koalanet\actor.go:47.8,48.53 1 0
github.com\taodev\koalanet\actor.go:54.58,55.15 1 1
github.com\taodev\koalanet\actor.go:64.2,65.9 2 1
github.com\taodev\koalanet\actor.go:70.2,85.15 9 1
github.com\taodev\koalanet\actor.go:55.15,56.35 1 1
github.com\taodev\koalanet\actor.go:56.35,61.4 4 0
github.com\taodev\koalanet\actor.go:65.9,68.3 2 0
github.com\taodev\koalanet\actor.go:88.38,90.16 2 0
github.com\taodev\koalanet\actor.go:95.2,95.17 1 0
github.com\taodev\koalanet\actor.go:90.16,93.3 2 0
github.com\taodev\koalanet\actor.go:98.47,100.16 2 0
github.com\taodev\koalanet\actor.go:105.2,105.26 1 0
github.com\taodev\koalanet\actor.go:100.16,103.3 2 0
github.com\taodev\koalanet\actor.go:108.13,110.2 0 1
github.com\taodev\koalanet\context.go:38.58,40.2 1 0
github.com\taodev\koalanet\context.go:42.78,55.2 3 1
github.com\taodev\koalanet\context.go:57.47,59.2 1 0
github.com\taodev\koalanet\context.go:61.97,72.22 8 1
github.com\taodev\koalanet\context.go:88.2,88.12 1 0
github.com\taodev\koalanet\context.go:72.22,73.10 1 0
github.com\taodev\koalanet\context.go:74.3,75.4 1 0
github.com\taodev\koalanet\context.go:78.3,79.4 1 0
github.com\taodev\koalanet\context.go:75.4,77.5 1 0
github.com\taodev\koalanet\context.go:79.4,82.5 1 0
github.com\taodev\koalanet\context.go:84.3,86.3 1 1
github.com\taodev\koalanet\context.go:91.44,92.11 1 1
github.com\taodev\koalanet\context.go:98.2,99.12 2 1
github.com\taodev\koalanet\context.go:92.11,96.3 3 0
github.com\taodev\koalanet\context.go:102.35,106.15 3 1
github.com\taodev\koalanet\context.go:116.2,116.6 1 1
github.com\taodev\koalanet\context.go:106.15,114.3 1 1
github.com\taodev\koalanet\context.go:116.6,118.10 2 1
github.com\taodev\koalanet\context.go:122.3,124.32 2 1
github.com\taodev\koalanet\context.go:128.3,129.27 2 1
github.com\taodev\koalanet\context.go:118.10,119.9 1 0
github.com\taodev\koalanet\context.go:124.32,125.9 1 1
github.com\taodev\koalanet\context.go:129.27,131.4 1 1
github.com\taodev\koalanet\handle.go:23.36,29.6 4 1
github.com\taodev\koalanet\handle.go:29.6,30.35 1 1
github.com\taodev\koalanet\handle.go:41.3,42.35 2 0
github.com\taodev\koalanet\handle.go:48.3,49.19 2 0
github.com\taodev\koalanet\handle.go:30.35,33.28 3 1
github.com\taodev\koalanet\handle.go:33.28,38.5 3 1
github.com\taodev\koalanet\handle.go:42.35,43.25 1 0
github.com\taodev\koalanet\handle.go:43.25,46.5 2 0
github.com\taodev\koalanet\handle.go:53.28,60.40 5 0
github.com\taodev\koalanet\handle.go:60.40,62.24 2 0
github.com\taodev\koalanet\handle.go:62.24,64.4 1 0
github.com\taodev\koalanet\handle.go:68.18,72.43 3 0
github.com\taodev\koalanet\handle.go:72.43,75.17 2 0
github.com\taodev\koalanet\handle.go:75.17,77.25 2 0
github.com\taodev\koalanet\handle.go:77.25,79.5 1 0
github.com\taodev\koalanet\handle.go:84.34,91.40 5 1
github.com\taodev\koalanet\handle.go:95.2,95.12 1 0
github.com\taodev\koalanet\handle.go:91.40,93.3 1 1
github.com\taodev\koalanet\handle.go:98.45,103.16 4 0
github.com\taodev\koalanet\handle.go:107.2,107.24 1 0
github.com\taodev\koalanet\handle.go:103.16,105.3 1 0
github.com\taodev\koalanet\handle.go:110.26,113.2 2 1
github.com\taodev\koalanet\handle.go:115.13,117.2 1 1
github.com\taodev\koalanet\message.go:31.13,33.27 1 1
github.com\taodev\koalanet\message.go:33.27,35.4 1 0
github.com\taodev\koalanet\message.go:39.42,42.2 1 1
